[2025-03-01 02:19:40 : INFO] - Cache for URL: http://localhost:10013/social-centre/freedom-bookshop/ has been purged, triggered by action: save_post 
[2025-03-01 02:19:40 : INFO] - Cache for archive page associated with post_type: social-centre and Title: "Freedom Bookshop" has been purged, triggered by action: save_post 
[2025-03-01 02:20:51 : INFO] - Cache for URL: http://localhost:10013/social-centre/freedom-bookshop/ has been purged, triggered by action: save_post 
[2025-03-01 02:20:51 : INFO] - Cache for archive page associated with post_type: social-centre and Title: "Freedom Bookshop" has been purged, triggered by action: save_post 
[2025-03-01 02:21:26 : INFO] - Cache for URL: http://localhost:10013/social-centre/freedom-bookshop/ has been purged, triggered by action: save_post 
[2025-03-01 02:21:26 : INFO] - Cache for archive page associated with post_type: social-centre and Title: "Freedom Bookshop" has been purged, triggered by action: save_post 
[2025-03-01 02:27:22 : INFO] - Cache for URL: http://localhost:10013/social-centre/freedom-bookshop/ has been purged, triggered by action: save_post 
[2025-03-01 02:27:22 : INFO] - Cache for archive page associated with post_type: social-centre and Title: "Freedom Bookshop" has been purged, triggered by action: save_post 
[2025-03-01 02:27:41 : INFO] - Cache for URL: http://localhost:10013/social-centre/freedom-bookshop/ has been purged, triggered by action: save_post 
[2025-03-01 02:27:41 : INFO] - Cache for archive page associated with post_type: social-centre and Title: "Freedom Bookshop" has been purged, triggered by action: save_post 
[2025-03-01 02:28:33 : INFO] - Cache for URL: http://localhost:10013/social-centre/freedom-bookshop/ has been purged, triggered by action: save_post 
[2025-03-01 02:28:33 : INFO] - Cache for archive page associated with post_type: social-centre and Title: "Freedom Bookshop" has been purged, triggered by action: save_post 
[2025-03-01 02:29:52 : INFO] - Cache for URL: http://localhost:10013/social-centre/freedom-bookshop/ has been purged, triggered by action: save_post 
[2025-03-01 02:29:52 : INFO] - Cache for archive page associated with post_type: social-centre and Title: "Freedom Bookshop" has been purged, triggered by action: save_post 
[2025-03-01 02:30:49 : INFO] - Cache for URL: http://localhost:10013/social-centre/freedom-bookshop/ has been purged, triggered by action: save_post 
[2025-03-01 02:30:49 : INFO] - Cache for archive page associated with post_type: social-centre and Title: "Freedom Bookshop" has been purged, triggered by action: save_post 
[2025-03-01 02:38:56 : INFO] - Cache for URL: http://localhost:10013/social-centre/freedom-bookshop/ has been purged, triggered by action: save_post 
[2025-03-01 02:38:56 : INFO] - Cache for archive page associated with post_type: social-centre and Title: "Freedom Bookshop" has been purged, triggered by action: save_post 
[2025-03-01 02:44:09 : INFO] - Cache for URL: http://localhost:10013/social-centre/freedom-bookshop/ has been purged, triggered by action: save_post 
[2025-03-01 02:44:09 : INFO] - Cache for archive page associated with post_type: social-centre and Title: "Freedom Bookshop" has been purged, triggered by action: save_post 
[2025-03-01 02:44:44 : INFO] - Cache for URL: http://localhost:10013/social-centre/freedom-bookshop/ has been purged, triggered by action: save_post 
[2025-03-01 02:44:44 : INFO] - Cache for archive page associated with post_type: social-centre and Title: "Freedom Bookshop" has been purged, triggered by action: save_post 
[2025-03-01 02:45:43 : INFO] - Cache for URL: http://localhost:10013/social-centre/freedom-bookshop/ has been purged, triggered by action: save_post 
[2025-03-01 02:45:43 : INFO] - Cache for archive page associated with post_type: social-centre and Title: "Freedom Bookshop" has been purged, triggered by action: save_post 
[2025-03-01 02:45:57 : INFO] - Cache for URL: http://localhost:10013/social-centre/freedom-bookshop/ has been purged, triggered by action: save_post 
[2025-03-01 02:45:57 : INFO] - Cache for archive page associated with post_type: social-centre and Title: "Freedom Bookshop" has been purged, triggered by action: save_post 
[2025-03-01 02:48:43 : INFO] - Cache for URL: http://localhost:10013/social-centre/freedom-bookshop/ has been purged, triggered by action: save_post 
[2025-03-01 02:48:43 : INFO] - Cache for archive page associated with post_type: social-centre and Title: "Freedom Bookshop" has been purged, triggered by action: save_post 
[2025-03-01 02:48:59 : INFO] - Cache for URL: http://localhost:10013/social-centre/freedom-bookshop/ has been purged, triggered by action: save_post 
[2025-03-01 02:48:59 : INFO] - Cache for archive page associated with post_type: social-centre and Title: "Freedom Bookshop" has been purged, triggered by action: save_post 
[2025-03-01 02:50:06 : INFO] - Cache for URL: http://localhost:10013/social-centre/freedom-bookshop/ has been purged, triggered by action: save_post 
[2025-03-01 02:50:06 : INFO] - Cache for archive page associated with post_type: social-centre and Title: "Freedom Bookshop" has been purged, triggered by action: save_post 
[2025-03-01 02:51:44 : INFO] - Cache for URL: http://localhost:10013/social-centre/freedom-bookshop/ has been purged, triggered by action: save_post 
[2025-03-01 02:51:44 : INFO] - Cache for archive page associated with post_type: social-centre and Title: "Freedom Bookshop" has been purged, triggered by action: save_post 
[2025-03-01 02:51:52 : INFO] - Cache for URL: http://localhost:10013/social-centre/freedom-bookshop/ has been purged, triggered by action: save_post 
[2025-03-01 02:51:52 : INFO] - Cache for archive page associated with post_type: social-centre and Title: "Freedom Bookshop" has been purged, triggered by action: save_post 
[2025-03-01 02:52:03 : INFO] - Cache for URL: http://localhost:10013/social-centre/freedom-bookshop/ has been purged, triggered by action: save_post 
[2025-03-01 02:52:03 : INFO] - Cache for archive page associated with post_type: social-centre and Title: "Freedom Bookshop" has been purged, triggered by action: save_post 
[2025-03-01 02:57:07 : INFO] - Cache for URL: http://localhost:10013/social-centre/freedom-bookshop/ has been purged, triggered by action: save_post 
[2025-03-01 02:57:07 : INFO] - Cache for archive page associated with post_type: social-centre and Title: "Freedom Bookshop" has been purged, triggered by action: save_post 
[2025-03-01 02:57:38 : INFO] - Cache for URL: http://localhost:10013/social-centre/freedom-bookshop/ has been purged, triggered by action: save_post 
[2025-03-01 02:57:38 : INFO] - Cache for archive page associated with post_type: social-centre and Title: "Freedom Bookshop" has been purged, triggered by action: save_post 
[2025-03-01 02:58:53 : INFO] - Cache for URL: http://localhost:10013/social-centre/freedom-bookshop/ has been purged, triggered by action: save_post 
[2025-03-01 02:58:53 : INFO] - Cache for archive page associated with post_type: social-centre and Title: "Freedom Bookshop" has been purged, triggered by action: save_post 
[2025-03-01 03:00:13 : INFO] - Cache for URL: http://localhost:10013/social-centre/freedom-bookshop/ has been purged, triggered by action: save_post 
[2025-03-01 03:00:13 : INFO] - Cache for archive page associated with post_type: social-centre and Title: "Freedom Bookshop" has been purged, triggered by action: save_post 
[2025-03-01 03:05:21 : INFO] - Cache for URL: http://localhost:10013/social-centre/freedom-bookshop/ has been purged, triggered by action: save_post 
[2025-03-01 03:05:21 : INFO] - Cache for archive page associated with post_type: social-centre and Title: "Freedom Bookshop" has been purged, triggered by action: save_post 
[2025-03-01 03:06:38 : INFO] - Cache for URL: http://localhost:10013/social-centre/freedom-bookshop/ has been purged, triggered by action: save_post 
[2025-03-01 03:06:38 : INFO] - Cache for archive page associated with post_type: social-centre and Title: "Freedom Bookshop" has been purged, triggered by action: save_post 
[2025-03-01 03:09:38 : INFO] - Cache for URL: http://localhost:10013/social-centre/freedom-bookshop/ has been purged, triggered by action: save_post 
[2025-03-01 03:09:38 : INFO] - Cache for archive page associated with post_type: social-centre and Title: "Freedom Bookshop" has been purged, triggered by action: save_post 
[2025-03-01 03:10:55 : INFO] - Cache for URL: http://localhost:10013/social-centre/freedom-bookshop/ has been purged, triggered by action: save_post 
[2025-03-01 03:10:55 : INFO] - Cache for archive page associated with post_type: social-centre and Title: "Freedom Bookshop" has been purged, triggered by action: save_post 
[2025-03-01 03:14:49 : INFO] - Cache for URL: http://localhost:10013/social-centre/freedom-bookshop/ has been purged, triggered by action: save_post 
[2025-03-01 03:14:49 : INFO] - Cache for archive page associated with post_type: social-centre and Title: "Freedom Bookshop" has been purged, triggered by action: save_post 
[2025-03-01 03:16:09 : INFO] - Cache for URL: http://localhost:10013/social-centre/freedom-bookshop/ has been purged, triggered by action: save_post 
[2025-03-01 03:16:09 : INFO] - Cache for archive page associated with post_type: social-centre and Title: "Freedom Bookshop" has been purged, triggered by action: save_post 
[2025-03-01 03:20:24 : INFO] - Cache for URL: http://localhost:10013/social-centre/freedom-bookshop/ has been purged, triggered by action: save_post 
[2025-03-01 03:20:24 : INFO] - Cache for archive page associated with post_type: social-centre and Title: "Freedom Bookshop" has been purged, triggered by action: save_post 
[2025-03-01 03:21:28 : INFO] - Cache for URL: http://localhost:10013/social-centre/freedom-bookshop/ has been purged, triggered by action: save_post 
[2025-03-01 03:21:28 : INFO] - Cache for archive page associated with post_type: social-centre and Title: "Freedom Bookshop" has been purged, triggered by action: save_post 
[2025-03-01 03:21:52 : INFO] - Cache for URL: http://localhost:10013/social-centre/freedom-bookshop/ has been purged, triggered by action: save_post 
[2025-03-01 03:21:52 : INFO] - Cache for archive page associated with post_type: social-centre and Title: "Freedom Bookshop" has been purged, triggered by action: save_post 
[2025-03-01 03:23:55 : INFO] - Cache for URL: http://localhost:10013/social-centre/freedom-bookshop/ has been purged, triggered by action: save_post 
[2025-03-01 03:23:55 : INFO] - Cache for archive page associated with post_type: social-centre and Title: "Freedom Bookshop" has been purged, triggered by action: save_post 
[2025-03-01 03:25:05 : INFO] - Cache for URL: http://localhost:10013/social-centre/freedom-bookshop/ has been purged, triggered by action: save_post 
[2025-03-01 03:25:05 : INFO] - Cache for archive page associated with post_type: social-centre and Title: "Freedom Bookshop" has been purged, triggered by action: save_post 
[2025-03-01 03:25:27 : INFO] - Cache for URL: http://localhost:10013/social-centre/freedom-bookshop/ has been purged, triggered by action: save_post 
[2025-03-01 03:25:27 : INFO] - Cache for archive page associated with post_type: social-centre and Title: "Freedom Bookshop" has been purged, triggered by action: save_post 
[2025-03-01 03:26:43 : INFO] - Cache for URL: http://localhost:10013/social-centre/freedom-bookshop/ has been purged, triggered by action: save_post 
[2025-03-01 03:26:43 : INFO] - Cache for archive page associated with post_type: social-centre and Title: "Freedom Bookshop" has been purged, triggered by action: save_post 
[2025-03-01 03:27:36 : INFO] - Cache for URL: http://localhost:10013/social-centre/freedom-bookshop/ has been purged, triggered by action: save_post 
[2025-03-01 03:27:36 : INFO] - Cache for archive page associated with post_type: social-centre and Title: "Freedom Bookshop" has been purged, triggered by action: save_post 
[2025-03-01 03:40:53 : INFO] - Cache for URL: http://localhost:10013/social-centre/freedom-bookshop/ has been purged, triggered by action: save_post 
[2025-03-01 03:40:53 : INFO] - Cache for archive page associated with post_type: social-centre and Title: "Freedom Bookshop" has been purged, triggered by action: save_post 
[2025-03-01 03:50:58 : INFO] - Cache for URL: http://localhost:10013/social-centre/freedom-bookshop/ has been purged, triggered by action: save_post 
[2025-03-01 03:50:58 : INFO] - Cache for archive page associated with post_type: social-centre and Title: "Freedom Bookshop" has been purged, triggered by action: save_post 
[2025-03-01 03:55:17 : INFO] - Cache for URL: http://localhost:10013/social-centre/freedom-bookshop/ has been purged, triggered by action: save_post 
[2025-03-01 03:55:17 : INFO] - Cache for archive page associated with post_type: social-centre and Title: "Freedom Bookshop" has been purged, triggered by action: save_post 
[2025-03-01 04:06:30 : INFO] - Full Cache Purge triggered by: plugin activation/deactivation 
[2025-03-01 04:15:06 : INFO] - Cache for URL: http://localhost:10013/?post_type=social-centre&p=734 has been purged, triggered by action: save_post 
[2025-03-01 04:15:06 : INFO] - Cache for archive page associated with post_type: social-centre and Title: "Auto Draft" has been purged, triggered by action: save_post 
[2025-03-01 04:22:37 : INFO] - Cache for URL: http://localhost:10013/social-centre/56a-infoshop/ has been purged, triggered by action: save_post 
[2025-03-01 04:22:37 : INFO] - Cache for archive page associated with post_type: social-centre and Title: "56A Infoshop" has been purged, triggered by action: save_post 
[2025-03-01 04:23:18 : INFO] - Cache for URL: http://localhost:10013/social-centre/56a-infoshop/ has been purged, triggered by action: save_post 
[2025-03-01 04:23:18 : INFO] - Cache for archive page associated with post_type: social-centre and Title: "56A Infoshop" has been purged, triggered by action: save_post 
[2025-03-01 04:24:38 : INFO] - Cache for URL: http://localhost:10013/social-centre/56a-infoshop/ has been purged, triggered by action: save_post 
[2025-03-01 04:24:38 : INFO] - Cache for archive page associated with post_type: social-centre and Title: "56A Infoshop" has been purged, triggered by action: save_post 
[2025-03-01 04:49:32 : INFO] - Cache for URL: http://localhost:10013/social-centre/56a-infoshop/ has been purged, triggered by action: save_post 
[2025-03-01 04:49:32 : INFO] - Cache for archive page associated with post_type: social-centre and Title: "56A Infoshop" has been purged, triggered by action: save_post 
[2025-03-01 04:52:22 : INFO] - Cache for URL: http://localhost:10013/social-centre/freedom-bookshop/ has been purged, triggered by action: save_post 
[2025-03-01 04:52:22 : INFO] - Cache for archive page associated with post_type: social-centre and Title: "Freedom Bookshop" has been purged, triggered by action: save_post 
[2025-03-01 05:14:58 : INFO] - Cache for URL: http://localhost:10013/social-centre/freedom-bookshop/ has been purged, triggered by action: save_post 
[2025-03-01 05:14:58 : INFO] - Cache for archive page associated with post_type: social-centre and Title: "Freedom Bookshop" has been purged, triggered by action: save_post 
[2025-03-01 05:15:17 : INFO] - Cache for URL: http://localhost:10013/social-centre/56a-infoshop/ has been purged, triggered by action: save_post 
[2025-03-01 05:15:17 : INFO] - Cache for archive page associated with post_type: social-centre and Title: "56A Infoshop" has been purged, triggered by action: save_post 
[2025-03-01 05:37:03 : INFO] - Cache for URL: http://localhost:10013/social-centre/56a-infoshop/ has been purged, triggered by action: save_post 
[2025-03-01 05:37:03 : INFO] - Cache for archive page associated with post_type: social-centre and Title: "56A Infoshop" has been purged, triggered by action: save_post 
[2025-03-01 05:53:37 : INFO] - Cache for URL: http://localhost:10013/social-centre/56a-infoshop/ has been purged, triggered by action: save_post 
[2025-03-01 05:53:37 : INFO] - Cache for archive page associated with post_type: social-centre and Title: "56A Infoshop" has been purged, triggered by action: save_post 
[2025-03-01 05:55:06 : INFO] - Cache for URL: http://localhost:10013/social-centre/56a-infoshop/ has been purged, triggered by action: save_post 
[2025-03-01 05:55:06 : INFO] - Cache for archive page associated with post_type: social-centre and Title: "56A Infoshop" has been purged, triggered by action: save_post 
[2025-03-01 05:56:46 : INFO] - Full Cache Purge triggered by: plugin activation/deactivation 
[2025-03-01 06:06:52 : INFO] - Cache for URL: http://localhost:10013/social-centre/56a-infoshop/ has been purged, triggered by action: save_post 
[2025-03-01 06:06:52 : INFO] - Cache for archive page associated with post_type: social-centre and Title: "56A Infoshop" has been purged, triggered by action: save_post 
[2025-03-01 06:07:50 : INFO] - Cache for URL: http://localhost:10013/social-centre/56a-infoshop/ has been purged, triggered by action: save_post 
[2025-03-01 06:07:50 : INFO] - Cache for archive page associated with post_type: social-centre and Title: "56A Infoshop" has been purged, triggered by action: save_post 
[2025-03-01 06:08:50 : INFO] - Cache for URL: http://localhost:10013/social-centre/freedom-bookshop/ has been purged, triggered by action: save_post 
[2025-03-01 06:08:50 : INFO] - Cache for archive page associated with post_type: social-centre and Title: "Freedom Bookshop" has been purged, triggered by action: save_post 
[2025-03-01 06:15:57 : INFO] - Cache for URL: http://localhost:10013/?post_type=social-centre&p=748 has been purged, triggered by action: save_post 
[2025-03-01 06:15:57 : INFO] - Cache for archive page associated with post_type: social-centre and Title: "Auto Draft" has been purged, triggered by action: save_post 
[2025-03-01 06:23:07 : INFO] - Cache for URL: http://localhost:10013/social-centre/touchpaper-anarchist-library/ has been purged, triggered by action: save_post 
[2025-03-01 06:23:07 : INFO] - Cache for archive page associated with post_type: social-centre and Title: "Touchpaper Anarchist Library" has been purged, triggered by action: save_post 
[2025-03-01 06:24:04 : INFO] - Cache for URL: http://localhost:10013/social-centre/56a-infoshop/ has been purged, triggered by action: save_post 
[2025-03-01 06:24:04 : INFO] - Cache for archive page associated with post_type: social-centre and Title: "56A Infoshop" has been purged, triggered by action: save_post 
[2025-03-01 06:35:17 : INFO] - Cache for URL: http://localhost:10013/?post_type=social-centre&p=752 has been purged, triggered by action: save_post 
[2025-03-01 06:35:17 : INFO] - Cache for archive page associated with post_type: social-centre and Title: "Auto Draft" has been purged, triggered by action: save_post 
[2025-03-01 06:35:29 : INFO] - Cache for URL: http://localhost:10013/social-centre/56a-infoshop/ has been purged, triggered by action: save_post 
[2025-03-01 06:35:29 : INFO] - Cache for archive page associated with post_type: social-centre and Title: "56A Infoshop" has been purged, triggered by action: save_post 
[2025-03-01 06:42:48 : INFO] - Cache for URL: http://localhost:10013/social-centre/housmans-bookshop/ has been purged, triggered by action: save_post 
[2025-03-01 06:42:48 : INFO] - Cache for archive page associated with post_type: social-centre and Title: "Housmans Bookshop" has been purged, triggered by action: save_post 
[2025-03-01 06:48:36 : INFO] - Cache for URL: http://localhost:10013/social-centre/housmans-bookshop/ has been purged, triggered by action: save_post 
[2025-03-01 06:48:36 : INFO] - Cache for archive page associated with post_type: social-centre and Title: "Housmans Bookshop" has been purged, triggered by action: save_post 
[2025-03-01 06:48:51 : INFO] - Cache for URL: http://localhost:10013/social-centre/housmans-bookshop/ has been purged, triggered by action: save_post 
[2025-03-01 06:48:51 : INFO] - Cache for archive page associated with post_type: social-centre and Title: "Housmans Bookshop" has been purged, triggered by action: save_post 
[2025-03-01 06:49:49 : INFO] - Cache for URL: http://localhost:10013/social-centre/freedom-bookshop/ has been purged, triggered by action: save_post 
[2025-03-01 06:49:49 : INFO] - Cache for archive page associated with post_type: social-centre and Title: "Freedom Bookshop" has been purged, triggered by action: save_post 
[2025-03-01 06:51:20 : INFO] - Cache for URL: http://localhost:10013/social-centre/freedom-bookshop/ has been purged, triggered by action: save_post 
[2025-03-01 06:51:20 : INFO] - Cache for archive page associated with post_type: social-centre and Title: "Freedom Bookshop" has been purged, triggered by action: save_post 
[2025-03-01 06:51:27 : INFO] - Cache for URL: http://localhost:10013/social-centre/56a-infoshop/ has been purged, triggered by action: save_post 
[2025-03-01 06:51:27 : INFO] - Cache for archive page associated with post_type: social-centre and Title: "56A Infoshop" has been purged, triggered by action: save_post 
[2025-03-01 06:51:36 : INFO] - Cache for URL: http://localhost:10013/social-centre/touchpaper-anarchist-library/ has been purged, triggered by action: save_post 
[2025-03-01 06:51:36 : INFO] - Cache for archive page associated with post_type: social-centre and Title: "Touchpaper Anarchist Library" has been purged, triggered by action: save_post 
[2025-03-01 06:52:54 : INFO] - Cache for URL: http://localhost:10013/social-centre/housmans-bookshop/ has been purged, triggered by action: save_post 
[2025-03-01 06:52:54 : INFO] - Cache for archive page associated with post_type: social-centre and Title: "Housmans Bookshop" has been purged, triggered by action: save_post 
[2025-03-01 07:08:07 : INFO] - Cache for URL: http://localhost:10013/?post_type=social-centre&p=760 has been purged, triggered by action: save_post 
[2025-03-01 07:08:07 : INFO] - Cache for archive page associated with post_type: social-centre and Title: "Auto Draft" has been purged, triggered by action: save_post 
[2025-03-01 07:13:03 : INFO] - Cache for URL: http://localhost:10013/social-centre/the-feminist-library/ has been purged, triggered by action: save_post 
[2025-03-01 07:13:03 : INFO] - Cache for archive page associated with post_type: social-centre and Title: "The Feminist Library" has been purged, triggered by action: save_post 
[2025-03-01 08:16:51 : INFO] - Cache for URL: http://localhost:10013/?post_type=social-centre&p=769 has been purged, triggered by action: save_post 
[2025-03-01 08:16:51 : INFO] - Cache for archive page associated with post_type: social-centre and Title: "Auto Draft" has been purged, triggered by action: save_post 
[2025-03-01 13:33:59 : INFO] - Cache for URL: http://localhost:10013/?post_type=social-centre&p=769 has been purged, triggered by action: save_post 
[2025-03-01 13:33:59 : INFO] - Cache for archive page associated with post_type: social-centre and Title: "Decentre" has been purged, triggered by action: save_post 
[2025-03-01 13:41:40 : INFO] - Cache for URL: http://localhost:10013/social-centre/the-feminist-library/ has been purged, triggered by action: save_post 
[2025-03-01 13:41:40 : INFO] - Cache for archive page associated with post_type: social-centre and Title: "The Feminist Library" has been purged, triggered by action: save_post 
[2025-03-01 13:42:18 : INFO] - Cache for URL: http://localhost:10013/social-centre/touchpaper-anarchist-library/ has been purged, triggered by action: save_post 
[2025-03-01 13:42:18 : INFO] - Cache for archive page associated with post_type: social-centre and Title: "Touchpaper Anarchist Library" has been purged, triggered by action: save_post 
[2025-03-01 13:43:48 : INFO] - Cache for URL: http://localhost:10013/social-centre/the-feminist-library/ has been purged, triggered by action: save_post 
[2025-03-01 13:43:48 : INFO] - Cache for archive page associated with post_type: social-centre and Title: "The Feminist Library" has been purged, triggered by action: save_post 
[2025-03-01 13:44:00 : INFO] - Cache for URL: http://localhost:10013/social-centre/the-feminist-library/ has been purged, triggered by action: save_post 
[2025-03-01 13:44:00 : INFO] - Cache for archive page associated with post_type: social-centre and Title: "The Feminist Library" has been purged, triggered by action: save_post 
[2025-03-01 13:44:41 : INFO] - Cache for URL: http://localhost:10013/social-centre/56a-infoshop/ has been purged, triggered by action: save_post 
[2025-03-01 13:44:41 : INFO] - Cache for archive page associated with post_type: social-centre and Title: "56A Infoshop" has been purged, triggered by action: save_post 
[2025-03-01 13:45:25 : INFO] - Cache for URL: http://localhost:10013/social-centre/housmans-bookshop/ has been purged, triggered by action: save_post 
[2025-03-01 13:45:25 : INFO] - Cache for archive page associated with post_type: social-centre and Title: "Housmans Bookshop" has been purged, triggered by action: save_post 
[2025-03-01 14:01:46 : INFO] - Cache for URL: http://localhost:10013/social-centre/decentre/ has been purged, triggered by action: save_post 
[2025-03-01 14:01:46 : INFO] - Cache for archive page associated with post_type: social-centre and Title: "Decentre" has been purged, triggered by action: save_post 
[2025-03-01 14:18:32 : INFO] - Cache for URL: http://localhost:10013/social-centre/decentre/ has been purged, triggered by action: save_post 
[2025-03-01 14:18:32 : INFO] - Cache for archive page associated with post_type: social-centre and Title: "Decentre" has been purged, triggered by action: save_post 
[2025-03-01 14:19:46 : INFO] - Cache for URL: http://localhost:10013/?post_type=social-centre&p=773 has been purged, triggered by action: save_post 
[2025-03-01 14:19:46 : INFO] - Cache for archive page associated with post_type: social-centre and Title: "Auto Draft" has been purged, triggered by action: save_post 
[2025-03-01 14:24:22 : INFO] - Cache for URL: http://localhost:10013/social-centre/larc/ has been purged, triggered by action: save_post 
[2025-03-01 14:24:22 : INFO] - Cache for archive page associated with post_type: social-centre and Title: "LARC" has been purged, triggered by action: save_post 
[2025-03-01 14:27:35 : INFO] - Cache for URL: http://localhost:10013/social-centre/larc/ has been purged, triggered by action: save_post 
[2025-03-01 14:27:35 : INFO] - Cache for archive page associated with post_type: social-centre and Title: "LARC" has been purged, triggered by action: save_post 
[2025-03-03 16:53:56 : INFO] - Cache for URL: http://localhost:10013/?post_type=social-centre&p=776 has been purged, triggered by action: save_post 
[2025-03-03 16:53:56 : INFO] - Cache for archive page associated with post_type: social-centre and Title: "Auto Draft" has been purged, triggered by action: save_post 
[2025-03-03 17:07:32 : INFO] - Cache for URL: http://localhost:10013/social-centre/mayday-rooms/ has been purged, triggered by action: save_post 
[2025-03-03 17:07:32 : INFO] - Cache for archive page associated with post_type: social-centre and Title: "Mayday Rooms" has been purged, triggered by action: save_post 
[2025-03-03 17:09:37 : INFO] - Cache for URL: http://localhost:10013/social-centre/mayday-rooms/ has been purged, triggered by action: save_post 
[2025-03-03 17:09:37 : INFO] - Cache for archive page associated with post_type: social-centre and Title: "Mayday Rooms" has been purged, triggered by action: save_post 
[2025-03-03 17:48:25 : INFO] - Cache for URL: http://localhost:10013/?post_type=social-centre&p=779 has been purged, triggered by action: save_post 
[2025-03-03 17:48:25 : INFO] - Cache for archive page associated with post_type: social-centre and Title: "Auto Draft" has been purged, triggered by action: save_post 
[2025-03-03 17:49:51 : INFO] - Cache for URL: http://localhost:10013/social-centre/the-field/ has been purged, triggered by action: save_post 
[2025-03-03 17:49:51 : INFO] - Cache for archive page associated with post_type: social-centre and Title: "The Field" has been purged, triggered by action: save_post 
[2025-03-03 20:07:19 : INFO] - Cache for URL: http://localhost:10013/social-centre/the-field/ has been purged, triggered by action: save_post 
[2025-03-03 20:07:19 : INFO] - Cache for archive page associated with post_type: social-centre and Title: "The Field" has been purged, triggered by action: save_post 
[2025-03-03 21:27:11 : INFO] - Cache for URL: http://localhost:10013/social-centre/the-field/ has been purged, triggered by action: save_post 
[2025-03-03 21:27:11 : INFO] - Cache for archive page associated with post_type: social-centre and Title: "The Field" has been purged, triggered by action: save_post 
[2025-03-04 19:17:39 : INFO] - Cache for URL: http://localhost:10013/?page_id=785 has been purged, triggered by action: save_post 
[2025-03-04 19:18:02 : INFO] - Cache for URL: http://localhost:10013/locations/ has been purged, triggered by action: save_post 
[2025-03-04 19:18:30 : INFO] - Cache for URL: http://localhost:10013/locations/ has been purged, triggered by action: save_post 
[2025-03-04 19:21:51 : INFO] - Cache for URL: http://localhost:10013/locations/ has been purged, triggered by action: save_post 
[2025-03-04 20:30:45 : INFO] - Cache for URL: http://localhost:10013/locations/ has been purged, triggered by action: wp_trash_post 
[2025-03-04 20:30:45 : INFO] - Cache for URL: http://localhost:10013/?page_id=785 has been purged, triggered by action: save_post 
[2025-03-08 00:51:16 : INFO] - Cache for URL: http://localhost:10013/?p=790 has been purged, triggered by action: save_post 
[2025-03-08 00:51:16 : INFO] - Cache for previous post (with URL: http://localhost:10013/hello-world/) adjacent to post with id: 790 has been purged, triggered by action: save_post 
[2025-03-08 00:51:16 : INFO] - Cache for all archives page associated with post_type: post and Title: "Auto Draft" have been purged, triggered by action: save_post 
[2025-03-08 02:37:18 : INFO] - Cache for URL: http://localhost:10013/?post_type=squat&p=792 has been purged, triggered by action: save_post 
[2025-03-08 02:37:18 : INFO] - Cache for archive page associated with post_type: squat and Title: "Auto Draft" has been purged, triggered by action: save_post 
[2025-03-08 02:40:28 : INFO] - Cache for URL: http://localhost:10013/squat/advisory-service-for-squatters/ has been purged, triggered by action: save_post 
[2025-03-08 02:40:28 : INFO] - Cache for archive page associated with post_type: squat and Title: "Advisory Service for Squatters" has been purged, triggered by action: save_post 
[2025-03-08 02:52:43 : INFO] - Cache for URL: http://localhost:10013/squat/advisory-service-for-squatters/ has been purged, triggered by action: save_post 
[2025-03-08 02:52:43 : INFO] - Cache for archive page associated with post_type: squat and Title: "Advisory Service for Squatters" has been purged, triggered by action: save_post 
[2025-03-08 02:55:05 : INFO] - Cache for URL: http://localhost:10013/squat/advisory-service-for-squatters/ has been purged, triggered by action: save_post 
[2025-03-08 02:55:05 : INFO] - Cache for archive page associated with post_type: squat and Title: "Advisory Service for Squatters" has been purged, triggered by action: save_post 
[2025-03-08 02:55:30 : INFO] - Cache for URL: http://localhost:10013/?post_type=squat&p=800 has been purged, triggered by action: save_post 
[2025-03-08 02:55:30 : INFO] - Cache for archive page associated with post_type: squat and Title: "Auto Draft" has been purged, triggered by action: save_post 
[2025-03-08 02:58:15 : INFO] - Cache for URL: http://localhost:10013/squat/autonomous-winter-shelter/ has been purged, triggered by action: save_post 
[2025-03-08 02:58:15 : INFO] - Cache for archive page associated with post_type: squat and Title: "Autonomous Winter Shelter" has been purged, triggered by action: save_post 
[2025-03-08 02:58:37 : INFO] - Cache for URL: http://localhost:10013/squat/autonomous-winter-shelter/ has been purged, triggered by action: save_post 
[2025-03-08 02:58:37 : INFO] - Cache for archive page associated with post_type: squat and Title: "Autonomous Winter Shelter" has been purged, triggered by action: save_post 
[2025-03-08 03:09:00 : INFO] - Cache for URL: http://localhost:10013/squat/autonomous-winter-shelter/ has been purged, triggered by action: save_post 
[2025-03-08 03:09:00 : INFO] - Cache for archive page associated with post_type: squat and Title: "Autonomous Winter Shelter" has been purged, triggered by action: save_post 
[2025-03-08 03:09:50 : INFO] - Cache for URL: http://localhost:10013/squat/autonomous-winter-shelter/ has been purged, triggered by action: save_post 
[2025-03-08 03:09:50 : INFO] - Cache for archive page associated with post_type: squat and Title: "Autonomous Winter Shelter" has been purged, triggered by action: save_post 
[2025-03-08 03:09:59 : INFO] - Cache for URL: http://localhost:10013/squat/autonomous-winter-shelter/ has been purged, triggered by action: save_post 
[2025-03-08 03:09:59 : INFO] - Cache for archive page associated with post_type: squat and Title: "Autonomous Winter Shelter" has been purged, triggered by action: save_post 
[2025-03-08 03:12:15 : INFO] - Cache for URL: http://localhost:10013/?post_type=squat&p=803 has been purged, triggered by action: save_post 
[2025-03-08 03:12:15 : INFO] - Cache for archive page associated with post_type: squat and Title: "Auto Draft" has been purged, triggered by action: save_post 
[2025-03-08 03:37:31 : INFO] - Cache for URL: http://localhost:10013/social-centres/ has been purged, triggered by action: wp_trash_post 
[2025-03-08 03:37:31 : INFO] - Cache for URL: http://localhost:10013/?page_id=277 has been purged, triggered by action: save_post 
[2025-03-08 03:37:42 : INFO] - Cache for URL: http://localhost:10013/squats/ has been purged, triggered by action: wp_trash_post 
[2025-03-08 03:37:42 : INFO] - Cache for URL: http://localhost:10013/?page_id=284 has been purged, triggered by action: save_post 
[2025-03-08 03:37:45 : INFO] - Cache for URL: http://localhost:10013/zines/ has been purged, triggered by action: wp_trash_post 
[2025-03-08 03:37:45 : INFO] - Cache for URL: http://localhost:10013/?page_id=287 has been purged, triggered by action: save_post 
[2025-03-08 04:26:38 : INFO] - Cache for URL: http://localhost:10013/?post_type=zinedistro&p=817 has been purged, triggered by action: save_post 
[2025-03-08 04:26:38 : INFO] - Cache for archive page associated with post_type: zinedistro and Title: "Auto Draft" has been purged, triggered by action: save_post 
[2025-03-08 04:32:23 : INFO] - Cache for URL: http://localhost:10013/zinedistro/raising-hell/ has been purged, triggered by action: save_post 
[2025-03-08 04:32:23 : INFO] - Cache for archive page associated with post_type: zinedistro and Title: "Raising Hell" has been purged, triggered by action: save_post 
[2025-03-08 04:39:42 : INFO] - Cache for URL: http://localhost:10013/zinedistro/raising-hell/ has been purged, triggered by action: save_post 
[2025-03-08 04:39:42 : INFO] - Cache for archive page associated with post_type: zinedistro and Title: "Raising Hell" has been purged, triggered by action: save_post 
[2025-03-08 04:39:55 : INFO] - Cache for URL: http://localhost:10013/zinedistro/raising-hell/ has been purged, triggered by action: save_post 
[2025-03-08 04:39:55 : INFO] - Cache for archive page associated with post_type: zinedistro and Title: "Raising Hell" has been purged, triggered by action: save_post 
[2025-03-08 04:40:57 : INFO] - Cache for URL: http://localhost:10013/zinedistro/raising-hell/ has been purged, triggered by action: save_post 
[2025-03-08 04:40:57 : INFO] - Cache for archive page associated with post_type: zinedistro and Title: "Raising Hell" has been purged, triggered by action: save_post 
[2025-03-08 04:41:38 : INFO] - Cache for URL: http://localhost:10013/zinedistro/raising-hell/ has been purged, triggered by action: save_post 
[2025-03-08 04:41:38 : INFO] - Cache for archive page associated with post_type: zinedistro and Title: "Raising Hell" has been purged, triggered by action: save_post 
[2025-03-08 04:42:10 : INFO] - Cache for URL: http://localhost:10013/zinedistro/raising-hell/ has been purged, triggered by action: save_post 
[2025-03-08 04:42:10 : INFO] - Cache for archive page associated with post_type: zinedistro and Title: "Raising Hell" has been purged, triggered by action: save_post 
[2025-03-08 04:42:28 : INFO] - Cache for URL: http://localhost:10013/zinedistro/raising-hell/ has been purged, triggered by action: save_post 
[2025-03-08 04:42:28 : INFO] - Cache for archive page associated with post_type: zinedistro and Title: "Raising Hell" has been purged, triggered by action: save_post 
[2025-03-08 04:43:03 : INFO] - Cache for URL: http://localhost:10013/zinedistro/raising-hell/ has been purged, triggered by action: save_post 
[2025-03-08 04:43:03 : INFO] - Cache for archive page associated with post_type: zinedistro and Title: "Raising Hell" has been purged, triggered by action: save_post 
[2025-03-08 04:46:37 : INFO] - Cache for URL: http://localhost:10013/?post_type=zinedistro&p=822 has been purged, triggered by action: save_post 
[2025-03-08 04:46:37 : INFO] - Cache for archive page associated with post_type: zinedistro and Title: "Auto Draft" has been purged, triggered by action: save_post 
[2025-03-08 04:48:27 : INFO] - Cache for URL: http://localhost:10013/zinedistro/livor-mortis/ has been purged, triggered by action: save_post 
[2025-03-08 04:48:27 : INFO] - Cache for archive page associated with post_type: zinedistro and Title: "Livor Mortis" has been purged, triggered by action: save_post 
[2025-03-08 04:53:21 : INFO] - Cache for URL: http://localhost:10013/?post_type=zinedistro&p=824 has been purged, triggered by action: save_post 
[2025-03-08 04:53:21 : INFO] - Cache for archive page associated with post_type: zinedistro and Title: "Auto Draft" has been purged, triggered by action: save_post 
[2025-03-15 00:22:48 : INFO] - Cache for URL: http://localhost:10013/social-centre/56a-infoshop/ has been purged, triggered by action: save_post 
[2025-03-15 00:22:48 : INFO] - Cache for archive page associated with post_type: social-centre and Title: "56A Infoshop" has been purged, triggered by action: save_post 
[2025-03-15 00:24:12 : INFO] - Cache for URL: http://localhost:10013/social-centre/56a-infoshop/ has been purged, triggered by action: save_post 
[2025-03-15 00:24:12 : INFO] - Cache for archive page associated with post_type: social-centre and Title: "56A Infoshop" has been purged, triggered by action: save_post 
[2025-03-15 00:26:03 : INFO] - Cache for URL: http://localhost:10013/social-centre/freedom-bookshop/ has been purged, triggered by action: save_post 
[2025-03-15 00:26:03 : INFO] - Cache for archive page associated with post_type: social-centre and Title: "Freedom Bookshop" has been purged, triggered by action: save_post 
[2025-03-15 00:27:38 : INFO] - Cache for URL: http://localhost:10013/social-centre/touchpaper-anarchist-library/ has been purged, triggered by action: save_post 
[2025-03-15 00:27:38 : INFO] - Cache for archive page associated with post_type: social-centre and Title: "Touchpaper Anarchist Library" has been purged, triggered by action: save_post 
[2025-03-15 00:28:54 : INFO] - Cache for URL: http://localhost:10013/social-centre/housmans-bookshop/ has been purged, triggered by action: save_post 
[2025-03-15 00:28:54 : INFO] - Cache for archive page associated with post_type: social-centre and Title: "Housmans Bookshop" has been purged, triggered by action: save_post 
[2025-03-15 00:29:42 : INFO] - Cache for URL: http://localhost:10013/social-centre/the-feminist-library/ has been purged, triggered by action: save_post 
[2025-03-15 00:29:42 : INFO] - Cache for archive page associated with post_type: social-centre and Title: "The Feminist Library" has been purged, triggered by action: save_post 
[2025-03-15 00:33:04 : INFO] - Cache for URL: http://localhost:10013/social-centre/decentre/ has been purged, triggered by action: save_post 
[2025-03-15 00:33:04 : INFO] - Cache for archive page associated with post_type: social-centre and Title: "Decentre" has been purged, triggered by action: save_post 
[2025-03-15 01:33:49 : INFO] - Cache for URL: http://localhost:10013/social-centre/larc/ has been purged, triggered by action: save_post 
[2025-03-15 01:33:49 : INFO] - Cache for archive page associated with post_type: social-centre and Title: "LARC" has been purged, triggered by action: save_post 
[2025-03-15 01:34:36 : INFO] - Cache for URL: http://localhost:10013/social-centre/mayday-rooms/ has been purged, triggered by action: save_post 
[2025-03-15 01:34:36 : INFO] - Cache for archive page associated with post_type: social-centre and Title: "Mayday Rooms" has been purged, triggered by action: save_post 
[2025-03-15 01:35:08 : INFO] - Cache for URL: http://localhost:10013/social-centre/the-field/ has been purged, triggered by action: save_post 
[2025-03-15 01:35:08 : INFO] - Cache for archive page associated with post_type: social-centre and Title: "The Field" has been purged, triggered by action: save_post 
[2025-03-15 01:45:37 : INFO] - Cache for URL: http://localhost:10013/squat/advisory-service-for-squatters/ has been purged, triggered by action: save_post 
[2025-03-15 01:45:37 : INFO] - Cache for archive page associated with post_type: squat and Title: "Advisory Service for Squatters" has been purged, triggered by action: save_post 
[2025-03-15 01:47:15 : INFO] - Cache for URL: http://localhost:10013/squat/autonomous-winter-shelter/ has been purged, triggered by action: save_post 
[2025-03-15 01:47:15 : INFO] - Cache for archive page associated with post_type: squat and Title: "Autonomous Winter Shelter" has been purged, triggered by action: save_post 
[2025-03-15 02:11:06 : INFO] - Cache for URL: http://localhost:10013/zinedistro/raising-hell/ has been purged, triggered by action: save_post 
[2025-03-15 02:11:06 : INFO] - Cache for archive page associated with post_type: zinedistro and Title: "Raising Hell" has been purged, triggered by action: save_post 
[2025-03-15 02:12:41 : INFO] - Cache for URL: http://localhost:10013/zinedistro/livor-mortis/ has been purged, triggered by action: save_post 
[2025-03-15 02:12:41 : INFO] - Cache for archive page associated with post_type: zinedistro and Title: "Livor Mortis" has been purged, triggered by action: save_post 
[2025-03-15 02:14:05 : INFO] - Cache for URL: http://localhost:10013/zinedistro/raising-hell/ has been purged, triggered by action: save_post 
[2025-03-15 02:14:05 : INFO] - Cache for archive page associated with post_type: zinedistro and Title: "Raising Hell" has been purged, triggered by action: save_post 
[2025-03-15 02:14:32 : INFO] - Cache for URL: http://localhost:10013/zinedistro/raising-hell/ has been purged, triggered by action: save_post 
[2025-03-15 02:14:32 : INFO] - Cache for archive page associated with post_type: zinedistro and Title: "Raising Hell" has been purged, triggered by action: save_post 
[2025-03-15 02:16:01 : INFO] - Cache for URL: http://localhost:10013/zinedistro/raising-hell/ has been purged, triggered by action: save_post 
[2025-03-15 02:16:01 : INFO] - Cache for archive page associated with post_type: zinedistro and Title: "Raising Hell" has been purged, triggered by action: save_post 
[2025-03-15 02:16:38 : INFO] - Cache for URL: http://localhost:10013/zinedistro/livor-mortis/ has been purged, triggered by action: save_post 
[2025-03-15 02:16:38 : INFO] - Cache for archive page associated with post_type: zinedistro and Title: "Livor Mortis" has been purged, triggered by action: save_post 
[2025-03-15 02:38:58 : INFO] - Cache for URL: http://localhost:10013/zinedistro/livor-mortis/ has been purged, triggered by action: save_post 
[2025-03-15 02:38:58 : INFO] - Cache for archive page associated with post_type: zinedistro and Title: "Livor Mortis" has been purged, triggered by action: save_post 
[2025-03-15 02:44:13 : INFO] - Cache for URL: http://localhost:10013/zinedistro/livor-mortis/ has been purged, triggered by action: save_post 
[2025-03-15 02:44:13 : INFO] - Cache for archive page associated with post_type: zinedistro and Title: "Livor Mortis" has been purged, triggered by action: save_post 
[2025-03-15 02:57:22 : INFO] - Cache for URL: http://localhost:10013/zinedistro/livor-mortis/ has been purged, triggered by action: save_post 
[2025-03-15 02:57:22 : INFO] - Cache for archive page associated with post_type: zinedistro and Title: "Livor Mortis" has been purged, triggered by action: save_post 
[2025-03-15 02:58:21 : INFO] - Cache for URL: http://localhost:10013/zinedistro/livor-mortis/ has been purged, triggered by action: save_post 
[2025-03-15 02:58:21 : INFO] - Cache for archive page associated with post_type: zinedistro and Title: "Livor Mortis" has been purged, triggered by action: save_post 
[2025-03-15 04:05:48 : INFO] - Cache for URL: http://localhost:10013/zinedistro/livor-mortis/ has been purged, triggered by action: save_post 
[2025-03-15 04:05:48 : INFO] - Cache for archive page associated with post_type: zinedistro and Title: "Livor Mortis" has been purged, triggered by action: save_post 
[2025-03-15 04:09:17 : INFO] - Cache for URL: http://localhost:10013/zinedistro/livor-mortis/ has been purged, triggered by action: save_post 
[2025-03-15 04:09:17 : INFO] - Cache for archive page associated with post_type: zinedistro and Title: "Livor Mortis" has been purged, triggered by action: save_post 
[2025-03-15 04:10:44 : INFO] - Cache for URL: http://localhost:10013/zinedistro/livor-mortis/ has been purged, triggered by action: save_post 
[2025-03-15 04:10:44 : INFO] - Cache for archive page associated with post_type: zinedistro and Title: "Livor Mortis" has been purged, triggered by action: save_post 
[2025-03-15 04:13:35 : INFO] - Cache for URL: http://localhost:10013/zinedistro/livor-mortis/ has been purged, triggered by action: save_post 
[2025-03-15 04:13:35 : INFO] - Cache for archive page associated with post_type: zinedistro and Title: "Livor Mortis" has been purged, triggered by action: save_post 
[2025-03-15 04:15:34 : INFO] - Cache for URL: http://localhost:10013/zinedistro/livor-mortis/ has been purged, triggered by action: save_post 
[2025-03-15 04:15:34 : INFO] - Cache for archive page associated with post_type: zinedistro and Title: "Livor Mortis" has been purged, triggered by action: save_post 
[2025-03-15 04:16:56 : INFO] - Cache for URL: http://localhost:10013/zinedistro/livor-mortis/ has been purged, triggered by action: save_post 
[2025-03-15 04:16:56 : INFO] - Cache for archive page associated with post_type: zinedistro and Title: "Livor Mortis" has been purged, triggered by action: save_post 
[2025-03-15 04:17:32 : INFO] - Cache for URL: http://localhost:10013/zinedistro/livor-mortis/ has been purged, triggered by action: save_post 
[2025-03-15 04:17:32 : INFO] - Cache for archive page associated with post_type: zinedistro and Title: "Livor Mortis" has been purged, triggered by action: save_post 
[2025-03-15 04:18:34 : INFO] - Cache for URL: http://localhost:10013/zinedistro/livor-mortis/ has been purged, triggered by action: save_post 
[2025-03-15 04:18:34 : INFO] - Cache for archive page associated with post_type: zinedistro and Title: "Livor Mortis" has been purged, triggered by action: save_post 
[2025-03-15 04:20:13 : INFO] - Cache for URL: http://localhost:10013/zinedistro/livor-mortis/ has been purged, triggered by action: save_post 
[2025-03-15 04:20:13 : INFO] - Cache for archive page associated with post_type: zinedistro and Title: "Livor Mortis" has been purged, triggered by action: save_post 
[2025-03-15 04:24:51 : INFO] - Cache for URL: http://localhost:10013/zinedistro/livor-mortis/ has been purged, triggered by action: save_post 
[2025-03-15 04:24:51 : INFO] - Cache for archive page associated with post_type: zinedistro and Title: "Livor Mortis" has been purged, triggered by action: save_post 
[2025-03-15 04:27:40 : INFO] - Cache for URL: http://localhost:10013/zinedistro/livor-mortis/ has been purged, triggered by action: save_post 
[2025-03-15 04:27:40 : INFO] - Cache for archive page associated with post_type: zinedistro and Title: "Livor Mortis" has been purged, triggered by action: save_post 
[2025-03-15 04:28:55 : INFO] - Cache for URL: http://localhost:10013/zinedistro/livor-mortis/ has been purged, triggered by action: save_post 
[2025-03-15 04:28:55 : INFO] - Cache for archive page associated with post_type: zinedistro and Title: "Livor Mortis" has been purged, triggered by action: save_post 
[2025-03-15 04:29:42 : INFO] - Cache for URL: http://localhost:10013/zinedistro/livor-mortis/ has been purged, triggered by action: save_post 
[2025-03-15 04:29:42 : INFO] - Cache for archive page associated with post_type: zinedistro and Title: "Livor Mortis" has been purged, triggered by action: save_post 
[2025-03-15 04:41:45 : INFO] - Cache for URL: http://localhost:10013/zinedistro/livor-mortis/ has been purged, triggered by action: save_post 
[2025-03-15 04:41:45 : INFO] - Cache for archive page associated with post_type: zinedistro and Title: "Livor Mortis" has been purged, triggered by action: save_post 
[2025-03-15 04:45:53 : INFO] - Cache for URL: http://localhost:10013/zinedistro/raising-hell/ has been purged, triggered by action: save_post 
[2025-03-15 04:45:53 : INFO] - Cache for archive page associated with post_type: zinedistro and Title: "Raising Hell" has been purged, triggered by action: save_post 
[2025-03-15 04:46:13 : INFO] - Cache for URL: http://localhost:10013/zinedistro/raising-hell/ has been purged, triggered by action: save_post 
[2025-03-15 04:46:13 : INFO] - Cache for archive page associated with post_type: zinedistro and Title: "Raising Hell" has been purged, triggered by action: save_post 
[2025-03-15 04:59:33 : INFO] - Cache for URL: http://localhost:10013/zinedistro/the-hackney-anarchist/ has been purged, triggered by action: save_post 
[2025-03-15 04:59:33 : INFO] - Cache for archive page associated with post_type: zinedistro and Title: "The Hackney Anarchist" has been purged, triggered by action: save_post 
[2025-03-15 05:00:35 : INFO] - Cache for URL: http://localhost:10013/zinedistro/livor-mortis/ has been purged, triggered by action: save_post 
[2025-03-15 05:00:35 : INFO] - Cache for archive page associated with post_type: zinedistro and Title: "Livor Mortis" has been purged, triggered by action: save_post 
[2025-03-15 05:01:12 : INFO] - Cache for URL: http://localhost:10013/zinedistro/raising-hell/ has been purged, triggered by action: save_post 
[2025-03-15 05:01:12 : INFO] - Cache for archive page associated with post_type: zinedistro and Title: "Raising Hell" has been purged, triggered by action: save_post 
[2025-03-15 05:02:25 : INFO] - Cache for URL: http://localhost:10013/zinedistro/raising-hell/ has been purged, triggered by action: save_post 
[2025-03-15 05:02:25 : INFO] - Cache for archive page associated with post_type: zinedistro and Title: "Raising Hell" has been purged, triggered by action: save_post 
[2025-03-15 05:02:40 : INFO] - Cache for URL: http://localhost:10013/?post_type=zinedistro&p=837 has been purged, triggered by action: save_post 
[2025-03-15 05:02:40 : INFO] - Cache for archive page associated with post_type: zinedistro and Title: "Auto Draft" has been purged, triggered by action: save_post 
[2025-03-15 05:32:52 : INFO] - Cache for URL: http://localhost:10013/zinedistro/squatters-of-london-action-paper/ has been purged, triggered by action: save_post 
[2025-03-15 05:32:52 : INFO] - Cache for archive page associated with post_type: zinedistro and Title: "Squatters of London Action Paper" has been purged, triggered by action: save_post 
[2025-03-15 05:35:13 : INFO] - Cache for URL: http://localhost:10013/zinedistro/the-hackney-anarchist/ has been purged, triggered by action: save_post 
[2025-03-15 05:35:13 : INFO] - Cache for archive page associated with post_type: zinedistro and Title: "The Hackney Anarchist" has been purged, triggered by action: save_post 
[2025-03-15 05:36:13 : INFO] - Cache for URL: http://localhost:10013/zinedistro/livor-mortis/ has been purged, triggered by action: save_post 
[2025-03-15 05:36:13 : INFO] - Cache for archive page associated with post_type: zinedistro and Title: "Livor Mortis" has been purged, triggered by action: save_post 
[2025-03-15 05:36:30 : INFO] - Cache for URL: http://localhost:10013/zinedistro/raising-hell/ has been purged, triggered by action: save_post 
[2025-03-15 05:36:30 : INFO] - Cache for archive page associated with post_type: zinedistro and Title: "Raising Hell" has been purged, triggered by action: save_post 
[2025-03-15 05:36:57 : INFO] - Cache for URL: http://localhost:10013/zinedistro/raising-hell/ has been purged, triggered by action: save_post 
[2025-03-15 05:36:57 : INFO] - Cache for archive page associated with post_type: zinedistro and Title: "Raising Hell" has been purged, triggered by action: save_post 
[2025-03-15 05:38:21 : INFO] - Cache for URL: http://localhost:10013/zinedistro/raising-hell/ has been purged, triggered by action: save_post 
[2025-03-15 05:38:21 : INFO] - Cache for archive page associated with post_type: zinedistro and Title: "Raising Hell" has been purged, triggered by action: save_post 
[2025-03-15 05:45:27 : INFO] - Cache for URL: http://localhost:10013/?post_type=zinedistro&p=839 has been purged, triggered by action: save_post 
[2025-03-15 05:45:27 : INFO] - Cache for archive page associated with post_type: zinedistro and Title: "Auto Draft" has been purged, triggered by action: save_post 
[2025-03-15 05:46:44 : INFO] - Cache for URL: http://localhost:10013/zinedistro/coda-fanzine/ has been purged, triggered by action: save_post 
[2025-03-15 05:46:44 : INFO] - Cache for archive page associated with post_type: zinedistro and Title: "COdA Fanzine" has been purged, triggered by action: save_post 
[2025-03-15 05:47:37 : INFO] - Cache for URL: http://localhost:10013/?post_type=zinedistro&p=841 has been purged, triggered by action: save_post 
[2025-03-15 05:47:37 : INFO] - Cache for archive page associated with post_type: zinedistro and Title: "Auto Draft" has been purged, triggered by action: save_post 
[2025-03-15 05:57:45 : INFO] - Cache for URL: http://localhost:10013/zinedistro/another-subculture/ has been purged, triggered by action: save_post 
[2025-03-15 05:57:45 : INFO] - Cache for archive page associated with post_type: zinedistro and Title: "Another Subculture" has been purged, triggered by action: save_post 
[2025-03-15 06:00:03 : INFO] - Cache for URL: http://localhost:10013/zinedistro/another-subculture/ has been purged, triggered by action: save_post 
[2025-03-15 06:00:03 : INFO] - Cache for archive page associated with post_type: zinedistro and Title: "Another Subculture" has been purged, triggered by action: save_post 
[2025-03-15 06:00:16 : INFO] - Cache for URL: http://localhost:10013/zinedistro/another-subculture/ has been purged, triggered by action: save_post 
[2025-03-15 06:00:16 : INFO] - Cache for archive page associated with post_type: zinedistro and Title: "Another Subculture" has been purged, triggered by action: save_post 
[2025-03-15 13:04:36 : INFO] - Cache for URL: http://localhost:10013/archives/ has been purged, triggered by action: save_post 
[2025-03-15 13:15:50 : INFO] - Cache for URL: http://localhost:10013/archives/ has been purged, triggered by action: save_post 
[2025-03-15 13:23:01 : INFO] - Cache for URL: http://localhost:10013/archives/ has been purged, triggered by action: save_post 
[2025-03-15 13:52:15 : INFO] - Cache for URL: http://localhost:10013/archives/ has been purged, triggered by action: save_post 
[2025-03-15 13:53:59 : INFO] - Cache for URL: http://localhost:10013/archives/ has been purged, triggered by action: save_post 
[2025-03-15 14:00:14 : INFO] - Cache for URL: http://localhost:10013/archives/ has been purged, triggered by action: save_post 
[2025-03-15 14:10:10 : INFO] - Cache for URL: http://localhost:10013/archives/ has been purged, triggered by action: save_post 
[2025-03-15 14:10:23 : INFO] - Cache for URL: http://localhost:10013/archives/ has been purged, triggered by action: save_post 
[2025-03-15 14:11:44 : INFO] - Cache for URL: http://localhost:10013/archives/ has been purged, triggered by action: save_post 
[2025-03-15 14:16:41 : INFO] - Cache for URL: http://localhost:10013/archives/ has been purged, triggered by action: save_post 
[2025-03-15 14:27:47 : INFO] - Cache for URL: http://localhost:10013/squat/autonomous-winter-shelter/ has been purged, triggered by action: save_post 
[2025-03-15 14:27:47 : INFO] - Cache for archive page associated with post_type: squat and Title: "Autonomous Winter Shelter" has been purged, triggered by action: save_post 
[2025-03-15 14:29:48 : INFO] - Full Cache Purge triggered by: plugin activation/deactivation 
[2025-03-15 15:23:37 : INFO] - Cache for URL: http://localhost:10013/?page_id=879 has been purged, triggered by action: save_post 
[2025-03-15 15:30:43 : INFO] - Cache for URL: http://localhost:10013/ has been purged, triggered by action: save_post 
[2025-03-15 16:03:17 : INFO] - Full Cache Purge triggered by: plugin activation/deactivation 
[2025-03-15 22:06:27 : INFO] - Cache for URL: http://localhost:10013/south-london-scum/ has been purged, triggered by action: save_post 
[2025-03-15 22:07:11 : INFO] - Cache for URL: http://localhost:10013/archives/south-london-scum/ has been purged, triggered by action: save_post 
[2025-03-15 22:31:28 : INFO] - Cache for URL: http://localhost:10013/?page_id=951 has been purged, triggered by action: save_post 
[2025-03-15 22:32:12 : INFO] - Cache for URL: http://localhost:10013/scumfest/ has been purged, triggered by action: save_post 
[2025-03-15 22:33:07 : INFO] - Cache for URL: http://localhost:10013/archives/scumfest/ has been purged, triggered by action: save_post 
[2025-03-15 22:36:06 : INFO] - Cache for URL: http://localhost:10013/archives/ has been purged, triggered by action: save_post 
[2025-03-15 22:38:51 : INFO] - Cache for URL: http://localhost:10013/archives/ has been purged, triggered by action: save_post 
[2025-03-15 23:04:30 : INFO] - Cache for URL: http://localhost:10013/?p=957 has been purged, triggered by action: save_post 
[2025-03-15 23:04:30 : INFO] - Cache for previous post (with URL: http://localhost:10013/hello-world/) adjacent to post with id: 957 has been purged, triggered by action: save_post 
[2025-03-15 23:04:30 : INFO] - Cache for all archives page associated with post_type: post and Title: "Auto Draft" have been purged, triggered by action: save_post 
[2025-03-15 23:04:38 : INFO] - Cache for URL: http://localhost:10013/?page_id=958 has been purged, triggered by action: save_post 
[2025-03-15 23:13:50 : INFO] - Cache for URL: http://localhost:10013/archives/website/ has been purged, triggered by action: save_post 
[2025-03-15 23:14:26 : INFO] - Cache for URL: http://localhost:10013/archives/website/ has been purged, triggered by action: save_post 
[2025-03-15 23:18:02 : INFO] - Cache for URL: http://localhost:10013/archives/website/ has been purged, triggered by action: save_post 
[2025-03-15 23:18:20 : INFO] - Cache for URL: http://localhost:10013/archives/website/ has been purged, triggered by action: save_post 
[2025-03-15 23:18:46 : INFO] - Cache for URL: http://localhost:10013/archives/website/ has been purged, triggered by action: save_post 
[2025-03-15 23:20:23 : INFO] - Cache for URL: http://localhost:10013/archives/website/ has been purged, triggered by action: save_post 
[2025-03-15 23:20:36 : INFO] - Cache for URL: http://localhost:10013/archives/website/ has been purged, triggered by action: save_post 
[2025-03-15 23:20:48 : INFO] - Cache for URL: http://localhost:10013/archives/website/ has been purged, triggered by action: save_post 
[2025-03-15 23:23:17 : INFO] - Cache for URL: http://localhost:10013/archives/website/ has been purged, triggered by action: save_post 
[2025-03-15 23:41:18 : INFO] - Cache for URL: http://localhost:10013/archives/website/ has been purged, triggered by action: save_post 
[2025-03-15 23:46:02 : INFO] - Cache for URL: http://localhost:10013/archives/website/ has been purged, triggered by action: save_post 
[2025-03-15 23:47:58 : INFO] - Cache for URL: http://localhost:10013/archives/website/ has been purged, triggered by action: save_post 
[2025-03-15 23:50:03 : INFO] - Cache for URL: http://localhost:10013/archives/website/ has been purged, triggered by action: save_post 
[2025-03-15 23:50:32 : INFO] - Cache for URL: http://localhost:10013/archives/website/ has been purged, triggered by action: save_post 
[2025-03-15 23:53:59 : INFO] - Full Cache Purge triggered by: plugin activation/deactivation 
[2025-03-15 23:56:00 : INFO] - Cache for URL: http://localhost:10013/archives/website/ has been purged, triggered by action: save_post 
[2025-03-15 23:57:13 : INFO] - Cache for URL: http://localhost:10013/archives/ has been purged, triggered by action: save_post 
[2025-03-16 00:04:46 : INFO] - Cache for URL: http://localhost:10013/archives/website/ has been purged, triggered by action: save_post 
[2025-03-16 00:15:25 : INFO] - Full Cache Purge triggered by: plugin activation/deactivation 
[2025-03-16 00:19:11 : INFO] - Full Cache Purge triggered by: plugin activation/deactivation 
[2025-03-16 00:19:40 : INFO] - Full Cache Purge triggered by: plugin activation/deactivation 
[2025-03-16 09:56:38 : INFO] - Full Cache Purge triggered by: plugin activation/deactivation 
[2025-03-16 11:26:55 : INFO] - Full Cache Purge triggered by: plugin activation/deactivation 
[2025-03-16 11:33:34 : INFO] - Cache for URL: http://localhost:10013/submit/ has been purged, triggered by action: save_post 
[2025-03-16 12:38:38 : INFO] - Cache for URL: http://localhost:10013/submit/ has been purged, triggered by action: save_post 
[2025-03-16 12:42:58 : INFO] - Cache for URL: http://localhost:10013/submit/ has been purged, triggered by action: save_post 
[2025-03-19 11:25:51 : INFO] - Cache for URL: http://localhost:10013/submit/ has been purged, triggered by action: save_post 
[2025-03-19 11:27:36 : INFO] - Cache for URL: http://localhost:10013/submit/ has been purged, triggered by action: save_post 
[2025-03-19 11:28:09 : INFO] - Cache for URL: http://localhost:10013/submit/ has been purged, triggered by action: save_post 
[2025-03-19 11:29:15 : INFO] - Cache for URL: http://localhost:10013/submit/ has been purged, triggered by action: save_post 
[2025-03-19 11:30:52 : INFO] - Cache for URL: http://localhost:10013/submit/ has been purged, triggered by action: save_post 
[2025-03-19 11:33:20 : INFO] - Cache for URL: http://localhost:10013/submit/ has been purged, triggered by action: save_post 
[2025-03-19 11:34:56 : INFO] - Cache for URL: http://localhost:10013/submit/ has been purged, triggered by action: save_post 
[2025-03-19 11:36:24 : INFO] - Cache for URL: http://localhost:10013/ has been purged, triggered by action: save_post 
[2025-03-19 11:36:45 : INFO] - Cache for URL: http://localhost:10013/ has been purged, triggered by action: save_post 
[2025-03-19 11:37:20 : INFO] - Cache for URL: http://localhost:10013/ has been purged, triggered by action: save_post 
[2025-03-19 11:37:37 : INFO] - Cache for URL: http://localhost:10013/ has been purged, triggered by action: save_post 
[2025-03-19 11:39:15 : INFO] - Cache for URL: http://localhost:10013/submit/ has been purged, triggered by action: save_post 
[2025-03-19 11:39:47 : INFO] - Cache for URL: http://localhost:10013/submit/ has been purged, triggered by action: save_post 
[2025-03-19 11:54:02 : INFO] - Cache for URL: http://localhost:10013/submit/ has been purged, triggered by action: save_post 
[2025-03-19 13:12:12 : INFO] - Cache for URL: http://localhost:10013/submit/ has been purged, triggered by action: save_post 
[2025-03-19 13:12:34 : INFO] - Cache for URL: http://localhost:10013/ has been purged, triggered by action: save_post 
[2025-03-19 13:17:14 : INFO] - Cache for URL: http://localhost:10013/submit/ has been purged, triggered by action: save_post 
[2025-03-19 13:48:31 : INFO] - Cache for URL: http://localhost:10013/hello-world/ has been purged, triggered by action: wp_trash_post 
[2025-03-19 13:48:31 : INFO] - Cache for multiple term taxonomy have been purged due to post terms update, triggered by action: set_object_terms 
[2025-03-19 13:48:31 : INFO] - Cache for URL: http://localhost:10013/?p=1 has been purged, triggered by action: save_post 
[2025-03-19 13:48:31 : INFO] - Cache for all archives page associated with post_type: post and Title: "Hello world!" have been purged, triggered by action: save_post 
[2025-03-19 13:54:06 : INFO] - Cache for URL: http://localhost:10013/submit/ has been purged, triggered by action: save_post 
[2025-03-19 15:35:17 : INFO] - Cache for URL: http://localhost:10013/ has been purged, triggered by action: save_post 
[2025-03-19 15:37:13 : INFO] - Cache for URL: http://localhost:10013/ has been purged, triggered by action: save_post 
[2025-03-19 15:37:42 : INFO] - Cache for URL: http://localhost:10013/ has been purged, triggered by action: save_post 
[2025-03-19 15:37:59 : INFO] - Cache for URL: http://localhost:10013/ has been purged, triggered by action: save_post 
[2025-03-19 15:38:32 : INFO] - Cache for URL: http://localhost:10013/ has been purged, triggered by action: save_post 
[2025-03-19 15:40:01 : INFO] - Cache for URL: http://localhost:10013/ has been purged, triggered by action: save_post 
[2025-03-19 15:41:46 : INFO] - Full Cache Purge triggered by: plugin activation/deactivation 
[2025-03-20 14:04:43 : INFO] - Full Cache Purge triggered by: plugin activation/deactivation 
[2025-03-20 14:09:49 : INFO] - Full Cache Purge triggered by: plugin activation/deactivation 
[2025-03-20 14:09:56 : INFO] - Full Cache Purge triggered by: plugin activation/deactivation 
[2025-03-20 16:53:52 : INFO] - Full Cache Purge triggered by: plugin activation/deactivation 
[2025-03-20 16:54:16 : INFO] - Cache for URL: http://localhost:10013/ has been purged, triggered by action: save_post 
[2025-03-20 17:01:28 : INFO] - Cache for URL: http://localhost:10013/calendar/ has been purged, triggered by action: save_post 
[2025-03-20 17:01:48 : INFO] - Full Cache Purge triggered by: plugin activation/deactivation 
[2025-03-20 17:06:14 : INFO] - Cache for URL: http://localhost:10013/calendar/ has been purged, triggered by action: save_post 
[2025-03-20 17:25:57 : INFO] - Cache for URL: http://localhost:10013/calendar/ has been purged, triggered by action: save_post 
[2025-03-20 17:27:03 : INFO] - Cache for URL: http://localhost:10013/calendar/ has been purged, triggered by action: save_post 
[2025-03-20 17:28:25 : INFO] - Cache for URL: http://localhost:10013/calendar/ has been purged, triggered by action: wp_trash_post 
[2025-03-20 17:28:25 : INFO] - Cache for URL: http://localhost:10013/?page_id=262 has been purged, triggered by action: save_post 
[2025-03-20 17:28:29 : INFO] - Cache for URL: http://localhost:10013/?page_id=1042 has been purged, triggered by action: save_post 
[2025-03-20 17:28:58 : INFO] - Cache for URL: http://localhost:10013/calendar/ has been purged, triggered by action: save_post 
[2025-03-20 17:29:27 : INFO] - Cache for URL: http://localhost:10013/?page_id=1045 has been purged, triggered by action: save_post 
[2025-03-20 17:29:59 : INFO] - Cache for URL: http://localhost:10013/events-calendar/ has been purged, triggered by action: save_post 
[2025-03-20 17:30:56 : INFO] - Cache for URL: http://localhost:10013/calendar/ has been purged, triggered by action: wp_trash_post 
[2025-03-20 17:30:57 : INFO] - Cache for URL: http://localhost:10013/?page_id=1042 has been purged, triggered by action: save_post 
[2025-03-20 17:31:01 : INFO] - Cache for URL: http://localhost:10013/events-calendar/ has been purged, triggered by action: wp_trash_post 
[2025-03-20 17:31:01 : INFO] - Cache for URL: http://localhost:10013/?page_id=1045 has been purged, triggered by action: save_post 
[2025-03-20 17:31:09 : INFO] - Full Cache Purge triggered by: plugin activation/deactivation 
[2025-03-20 17:31:17 : INFO] - Cache for URL: http://localhost:10013/?page_id=1049 has been purged, triggered by action: save_post 
[2025-03-20 17:31:45 : INFO] - Cache for URL: http://localhost:10013/events/ has been purged, triggered by action: save_post 
[2025-03-20 17:32:39 : INFO] - Cache for URL: http://localhost:10013/events/ has been purged, triggered by action: wp_trash_post 
[2025-03-20 17:32:39 : INFO] - Cache for URL: http://localhost:10013/?page_id=1049 has been purged, triggered by action: save_post 
[2025-03-20 17:37:48 : INFO] - Full Cache Purge triggered by: plugin activation/deactivation 
[2025-03-20 17:38:13 : INFO] - Cache for URL: http://localhost:10013/?page_id=1052 has been purged, triggered by action: save_post 
[2025-03-20 17:38:36 : INFO] - Cache for URL: http://localhost:10013/calendar/ has been purged, triggered by action: save_post 
[2025-03-21 08:18:36 : INFO] - Cache for URL: http://localhost:10013/social-centre/the-field/ has been purged, triggered by action: save_post 
[2025-03-21 08:18:36 : INFO] - Cache for archive page associated with post_type: social-centre and Title: "The Field" has been purged, triggered by action: save_post 
[2025-03-21 08:19:59 : INFO] - Cache for URL: http://localhost:10013/social-centre/mayday-rooms/ has been purged, triggered by action: save_post 
[2025-03-21 08:19:59 : INFO] - Cache for archive page associated with post_type: social-centre and Title: "Mayday Rooms" has been purged, triggered by action: save_post 
[2025-03-21 08:20:23 : INFO] - Cache for URL: http://localhost:10013/social-centre/the-field/ has been purged, triggered by action: save_post 
[2025-03-21 08:20:23 : INFO] - Cache for archive page associated with post_type: social-centre and Title: "The Field" has been purged, triggered by action: save_post 
[2025-03-21 08:26:49 : INFO] - Cache for URL: http://localhost:10013/social-centre/larc/ has been purged, triggered by action: save_post 
[2025-03-21 08:26:49 : INFO] - Cache for archive page associated with post_type: social-centre and Title: "LARC" has been purged, triggered by action: save_post 
[2025-03-21 08:27:40 : INFO] - Cache for URL: http://localhost:10013/social-centre/decentre/ has been purged, triggered by action: save_post 
[2025-03-21 08:27:40 : INFO] - Cache for archive page associated with post_type: social-centre and Title: "Decentre" has been purged, triggered by action: save_post 
[2025-03-21 08:27:58 : INFO] - Cache for URL: http://localhost:10013/social-centre/larc/ has been purged, triggered by action: save_post 
[2025-03-21 08:27:58 : INFO] - Cache for archive page associated with post_type: social-centre and Title: "LARC" has been purged, triggered by action: save_post 
[2025-03-21 08:28:27 : INFO] - Cache for URL: http://localhost:10013/social-centre/the-feminist-library/ has been purged, triggered by action: save_post 
[2025-03-21 08:28:27 : INFO] - Cache for archive page associated with post_type: social-centre and Title: "The Feminist Library" has been purged, triggered by action: save_post 
[2025-03-21 08:28:57 : INFO] - Cache for URL: http://localhost:10013/social-centre/housmans-bookshop/ has been purged, triggered by action: save_post 
[2025-03-21 08:28:57 : INFO] - Cache for archive page associated with post_type: social-centre and Title: "Housmans Bookshop" has been purged, triggered by action: save_post 
[2025-03-21 08:29:26 : INFO] - Cache for URL: http://localhost:10013/social-centre/touchpaper-anarchist-library/ has been purged, triggered by action: save_post 
[2025-03-21 08:29:26 : INFO] - Cache for archive page associated with post_type: social-centre and Title: "Touchpaper Anarchist Library" has been purged, triggered by action: save_post 
[2025-03-21 08:30:20 : INFO] - Cache for URL: http://localhost:10013/social-centre/56a-infoshop/ has been purged, triggered by action: save_post 
[2025-03-21 08:30:20 : INFO] - Cache for archive page associated with post_type: social-centre and Title: "56A Infoshop" has been purged, triggered by action: save_post 
[2025-03-21 08:30:50 : INFO] - Cache for URL: http://localhost:10013/social-centre/freedom-bookshop/ has been purged, triggered by action: save_post 
[2025-03-21 08:30:50 : INFO] - Cache for archive page associated with post_type: social-centre and Title: "Freedom Bookshop" has been purged, triggered by action: save_post 
[2025-03-21 08:31:58 : INFO] - Cache for URL: http://localhost:10013/squat/autonomous-winter-shelter/ has been purged, triggered by action: save_post 
[2025-03-21 08:31:58 : INFO] - Cache for archive page associated with post_type: squat and Title: "Autonomous Winter Shelter" has been purged, triggered by action: save_post 
[2025-03-21 08:33:12 : INFO] - Cache for URL: http://localhost:10013/squat/advisory-service-for-squatters/ has been purged, triggered by action: save_post 
[2025-03-21 08:33:12 : INFO] - Cache for archive page associated with post_type: squat and Title: "Advisory Service for Squatters" has been purged, triggered by action: save_post 
[2025-03-21 08:34:01 : INFO] - Cache for URL: http://localhost:10013/zinedistro/another-subculture/ has been purged, triggered by action: save_post 
[2025-03-21 08:34:01 : INFO] - Cache for archive page associated with post_type: zinedistro and Title: "Another Subculture" has been purged, triggered by action: save_post 
[2025-03-21 08:34:19 : INFO] - Cache for URL: http://localhost:10013/zinedistro/coda-fanzine/ has been purged, triggered by action: save_post 
[2025-03-21 08:34:19 : INFO] - Cache for archive page associated with post_type: zinedistro and Title: "COdA Fanzine" has been purged, triggered by action: save_post 
[2025-03-21 08:34:40 : INFO] - Cache for URL: http://localhost:10013/zinedistro/squatters-of-london-action-paper/ has been purged, triggered by action: save_post 
[2025-03-21 08:34:40 : INFO] - Cache for archive page associated with post_type: zinedistro and Title: "Squatters of London Action Paper" has been purged, triggered by action: save_post 
[2025-03-21 08:35:02 : INFO] - Cache for URL: http://localhost:10013/zinedistro/the-hackney-anarchist/ has been purged, triggered by action: save_post 
[2025-03-21 08:35:02 : INFO] - Cache for archive page associated with post_type: zinedistro and Title: "The Hackney Anarchist" has been purged, triggered by action: save_post 
[2025-03-21 08:35:29 : INFO] - Cache for URL: http://localhost:10013/zinedistro/livor-mortis/ has been purged, triggered by action: save_post 
[2025-03-21 08:35:29 : INFO] - Cache for archive page associated with post_type: zinedistro and Title: "Livor Mortis" has been purged, triggered by action: save_post 
[2025-03-21 08:35:51 : INFO] - Cache for URL: http://localhost:10013/zinedistro/raising-hell/ has been purged, triggered by action: save_post 
[2025-03-21 08:35:51 : INFO] - Cache for archive page associated with post_type: zinedistro and Title: "Raising Hell" has been purged, triggered by action: save_post 
[2025-03-21 08:48:16 : INFO] - Cache for URL: http://localhost:10013/submit/ has been purged, triggered by action: save_post 
[2025-03-21 09:01:26 : INFO] - Cache for URL: http://localhost:10013/contact/ has been purged, triggered by action: save_post 
[2025-03-21 09:15:10 : INFO] - Full Cache Purge triggered by: WPO_Page_Cache::handle_purge_single_page_cache 
[2025-03-21 13:03:25 : INFO] - Cache for URL: http://localhost:10013/?page_id=1069 has been purged, triggered by action: save_post 
[2025-03-21 13:04:05 : INFO] - Cache for URL: http://localhost:10013/?page_id=1070 has been purged, triggered by action: save_post 
[2025-03-21 13:23:33 : INFO] - Cache for URL: http://localhost:10013/locations/ has been purged, triggered by action: save_post 
[2025-03-21 13:25:33 : INFO] - Cache for URL: http://localhost:10013/locations/ has been purged, triggered by action: save_post 
[2025-03-21 13:28:53 : INFO] - Cache for URL: http://localhost:10013/locations/ has been purged, triggered by action: save_post 
[2025-03-21 13:38:31 : INFO] - Cache for URL: http://localhost:10013/locations/ has been purged, triggered by action: save_post 
[2025-03-21 13:45:21 : INFO] - Cache for URL: http://localhost:10013/locations/ has been purged, triggered by action: save_post 
[2025-03-21 13:54:42 : INFO] - Cache for URL: http://localhost:10013/locations/ has been purged, triggered by action: save_post 
[2025-03-21 13:55:21 : INFO] - Cache for URL: http://localhost:10013/locations/ has been purged, triggered by action: save_post 
[2025-03-21 13:57:50 : INFO] - Cache for URL: http://localhost:10013/locations/ has been purged, triggered by action: save_post 
[2025-03-21 13:58:30 : INFO] - Cache for URL: http://localhost:10013/locations/ has been purged, triggered by action: save_post 
[2025-03-21 14:00:42 : INFO] - Cache for URL: http://localhost:10013/locations/ has been purged, triggered by action: save_post 
[2025-03-21 14:02:25 : INFO] - Cache for URL: http://localhost:10013/locations/ has been purged, triggered by action: save_post 
[2025-03-21 14:02:58 : INFO] - Cache for URL: http://localhost:10013/locations/ has been purged, triggered by action: save_post 
[2025-03-21 14:04:31 : INFO] - Cache for URL: http://localhost:10013/locations/ has been purged, triggered by action: save_post 
[2025-03-21 14:04:39 : INFO] - Cache for URL: http://localhost:10013/locations/ has been purged, triggered by action: save_post 
[2025-03-21 14:05:37 : INFO] - Cache for URL: http://localhost:10013/locations/ has been purged, triggered by action: save_post 
[2025-03-21 14:10:46 : INFO] - Cache for URL: http://localhost:10013/locations/ has been purged, triggered by action: save_post 
[2025-03-21 14:12:27 : INFO] - Cache for URL: http://localhost:10013/locations/ has been purged, triggered by action: save_post 
[2025-03-21 14:16:42 : INFO] - Full Cache Purge triggered by: plugin activation/deactivation 
[2025-03-21 14:16:55 : INFO] - Cache for URL: http://localhost/locations/ has been purged, triggered by: WPO_Page_Cache::handle_purge_single_page_cache 
[2025-03-21 14:40:29 : INFO] - Cache for URL: http://localhost:10013/?page_id=1097 has been purged, triggered by action: save_post 
[2025-03-21 14:41:34 : INFO] - Cache for URL: http://localhost:10013/locations/ has been purged, triggered by action: save_post 
[2025-03-21 14:57:03 : INFO] - Cache for URL: http://localhost:10013/more/ has been purged, triggered by action: save_post 
[2025-03-21 14:59:58 : INFO] - Cache for URL: http://localhost:10013/more/ has been purged, triggered by action: save_post 
